kolibri_apk/app/build/outputs/logs/manifest-merger-debug-report.txt
-- Merging decision tree log ---
manifest
ADDED from src/main/AndroidManifest.xml:3:1-316:12
	package
		ADDED from src/main/AndroidManifest.xml:4:5-36
		INJECTED from src/main/AndroidManifest.xml
		INJECTED from src/main/AndroidManifest.xml
	android:versionName
		ADDED from src/main/AndroidManifest.xml:7:5-30
		INJECTED from src/main/AndroidManifest.xml
		INJECTED from src/main/AndroidManifest.xml
	android:versionCode
		ADDED from src/main/AndroidManifest.xml:6:5-28
		INJECTED from src/main/AndroidManifest.xml
		INJECTED from src/main/AndroidManifest.xml
	xmlns:android
		ADDED from src/main/AndroidManifest.xml:3:11-69
	android:installLocation
		ADDED from src/main/AndroidManifest.xml:5:5-43
uses-sdk
ADDED from src/main/AndroidManifest.xml:9:5-11:41
	android:targetSdkVersion
		ADDED from src/main/AndroidManifest.xml:11:9-38
		INJECTED from src/main/AndroidManifest.xml
		INJECTED from src/main/AndroidManifest.xml
	android:minSdkVersion
		ADDED from src/main/AndroidManifest.xml:10:9-35
		INJECTED from src/main/AndroidManifest.xml
		INJECTED from src/main/AndroidManifest.xml
application
ADDED from src/main/AndroidManifest.xml:13:5-70:19
	android:label
		ADDED from src/main/AndroidManifest.xml:17:9-41
	android:debuggable
		ADDED from src/main/AndroidManifest.xml:15:9-34
	android:icon
		ADDED from src/main/AndroidManifest.xml:16:9-38
	android:name
		ADDED from src/main/AndroidManifest.xml:14:9-63
activity#com.android.kolibri27.ScriptActivity
ADDED from src/main/AndroidManifest.xml:19:9-34:20
	android:configChanges
		ADDED from src/main/AndroidManifest.xml:21:13-63
	android:theme
		ADDED from src/main/AndroidManifest.xml:22:13-72
	android:name
		ADDED from src/main/AndroidManifest.xml:20:13-64
intent-filter#android.intent.action.MAIN+android.intent.category.LAUNCHER
ADDED from src/main/AndroidManifest.xml:24:13-27:29
action#android.intent.action.MAIN
ADDED from src/main/AndroidManifest.xml:25:17-69
	android:name
		ADDED from src/main/AndroidManifest.xml:25:25-66
category#android.intent.category.LAUNCHER
ADDED from src/main/AndroidManifest.xml:26:17-77
	android:name
		ADDED from src/main/AndroidManifest.xml:26:27-74
intent-filter#android.intent.category.DEFAULT+com.googlecode.android_scripting.action.ACTION_LAUNCH_FOR_RESULT
ADDED from src/main/AndroidManifest.xml:29:13-32:29
action#com.googlecode.android_scripting.action.ACTION_LAUNCH_FOR_RESULT
ADDED from src/main/AndroidManifest.xml:30:17-107
	android:name
		ADDED from src/main/AndroidManifest.xml:30:25-104
category#android.intent.category.DEFAULT
ADDED from src/main/AndroidManifest.xml:31:17-76
	android:name
		ADDED from src/main/AndroidManifest.xml:31:27-73
service#com.android.kolibri27.ScriptService
ADDED from src/main/AndroidManifest.xml:36:9-40:19
	android:name
		ADDED from src/main/AndroidManifest.xml:36:18-68
intent-filter#com.android.kolibri27.ScriptService
ADDED from src/main/AndroidManifest.xml:37:13-39:29
action#com.android.kolibri27.ScriptService
ADDED from src/main/AndroidManifest.xml:38:17-78
	android:name
		ADDED from src/main/AndroidManifest.xml:38:25-75
service#com.android.kolibri27.BackgroundScriptService
ADDED from src/main/AndroidManifest.xml:42:9-46:19
	android:name
		ADDED from src/main/AndroidManifest.xml:42:18-78
intent-filter#com.android.kolibri27.BackgroundScriptService
ADDED from src/main/AndroidManifest.xml:43:13-45:29
action#com.android.kolibri27.BackgroundScriptService
ADDED from src/main/AndroidManifest.xml:44:17-88
	android:name
		ADDED from src/main/AndroidManifest.xml:44:25-85
service#com.android.kolibri27.RpcServerService
ADDED from src/main/AndroidManifest.xml:48:9-74
	android:name
		ADDED from src/main/AndroidManifest.xml:48:18-71
activity#com.googlecode.android_scripting.activity.FutureActivity
ADDED from src/main/AndroidManifest.xml:50:9-53:64
	android:configChanges
		ADDED from src/main/AndroidManifest.xml:52:13-63
	android:theme
		ADDED from src/main/AndroidManifest.xml:53:13-61
	android:name
		ADDED from src/main/AndroidManifest.xml:51:13-84
activity#com.android.kolibri27.DialogActivity
ADDED from src/main/AndroidManifest.xml:55:9-58:75
	android:configChanges
		ADDED from src/main/AndroidManifest.xml:57:13-63
	android:theme
		ADDED from src/main/AndroidManifest.xml:58:13-72
	android:name
		ADDED from src/main/AndroidManifest.xml:56:13-64
activity#com.android.kolibri27.RpcServerLauncher
ADDED from src/main/AndroidManifest.xml:60:9-68:20
	android:theme
		ADDED from src/main/AndroidManifest.xml:63:13-72
	android:taskAffinity
		ADDED from src/main/AndroidManifest.xml:62:13-36
	android:name
		ADDED from src/main/AndroidManifest.xml:61:13-67
intent-filter#android.intent.action.VIEW+android.intent.category.DEFAULT
ADDED from src/main/AndroidManifest.xml:64:13-67:29
action#android.intent.action.VIEW
ADDED from src/main/AndroidManifest.xml:65:17-69
	android:name
		ADDED from src/main/AndroidManifest.xml:65:25-66
supports-screens
ADDED from src/main/AndroidManifest.xml:72:5-54
	android:xlargeScreens
		ADDED from src/main/AndroidManifest.xml:72:23-51
uses-permission#android.permission.INTERNET
ADDED from src/main/AndroidManifest.xml:74:5-67
	android:name
		ADDED from src/main/AndroidManifest.xml:74:22-64
uses-permission#android.permission.WRITE_EXTERNAL_STORAGE
ADDED from src/main/AndroidManifest.xml:75:5-81
	android:name
		ADDED from src/main/AndroidManifest.xml:75:22-78